<?xml version="1.0" encoding="UTF-8"?>
<!-- Generated by org.testng.reporters.JUnitReportReporter -->
<testsuite hostname="DESKTOP-VEMCPH6" failures="0" tests="2" name="org.selenium.MyFirstTestCase" time="68.182" errors="0" timestamp="2024-08-20T12:35:36 IST" skipped="0">
  <testcase classname="org.selenium.MyFirstTestCase" name="loginAndCheckOutUsingDirectBankTransfer" time="26.165"/>
  <system-out/>
  <testcase classname="org.selenium.MyFirstTestCase" name="guestCheckOutUsingDirectBankTransfer" time="42.017"/>
  <system-out/>
</testsuite> <!-- org.selenium.MyFirstTestCase -->
