<?xml version="1.0" encoding="UTF-8"?>
<!-- Generated by org.testng.reporters.JUnitReportReporter -->
<testsuite hostname="DESKTOP-VEMCPH6" failures="0" tests="1" name="org.selenium.AddToCart" time="14.235" errors="0" timestamp="2024-08-07T11:33:48 IST" skipped="0">
  <testcase classname="org.selenium.AddToCart" name="NavigateFromHomeToStoreMenu" time="14.235"/>
  <system-out/>
</testsuite> <!-- org.selenium.AddToCart -->
