<?xml version="1.0" encoding="UTF-8"?>
<!-- Generated by org.testng.reporters.JUnitReportReporter -->
<testsuite hostname="DESKTOP-VEMCPH6" failures="0" tests="1" name="org.selenium.NavigationTest" time="4.674" errors="0" timestamp="2024-08-20T12:35:36 IST" skipped="0">
  <testcase classname="org.selenium.NavigationTest" name="NavigateFromHomeToStoreMenu" time="4.674"/>
  <system-out/>
</testsuite> <!-- org.selenium.NavigationTest -->
