<?xml version="1.0" encoding="UTF-8"?>
<!-- Generated by org.testng.reporters.JUnitReportReporter -->
<testsuite hostname="DESKTOP-VEMCPH6" failures="0" tests="6" name="org.selenium.AddToCartTest" time="306.226" errors="0" timestamp="2024-08-20T12:35:36 IST" skipped="0">
  <testcase classname="org.selenium.AddToCartTest" name="addToCartFeaturedProducts" time="47.564"/>
  <system-out/>
  <testcase classname="org.selenium.AddToCartTest" name="addToCartFeaturedProducts" time="45.337"/>
  <system-out/>
  <testcase classname="org.selenium.AddToCartTest" name="addToCartFeaturedProducts" time="49.195"/>
  <system-out/>
  <testcase classname="org.selenium.AddToCartTest" name="addToCartFromStorePage" time="58.858"/>
  <system-out/>
  <testcase classname="org.selenium.AddToCartTest" name="addToCartFeaturedProducts" time="40.555"/>
  <system-out/>
  <testcase classname="org.selenium.AddToCartTest" name="addToCartFeaturedProducts" time="64.717"/>
  <system-out/>
</testsuite> <!-- org.selenium.AddToCartTest -->
