<?xml version="1.0" encoding="UTF-8"?>
<!-- Generated by org.testng.reporters.JUnitReportReporter -->
<testsuite hostname="DESKTOP-VEMCPH6" failures="0" tests="3" name="org.selenium.CheckOutTest" time="70.365" errors="0" timestamp="2024-08-20T12:35:36 IST" skipped="2">
  <testcase classname="org.selenium.CheckOutTest" name="loginAndCheckOutUsingDirectBankTransfer_temporary" time="70.365"/>
  <system-out/>
  <testcase classname="org.selenium.CheckOutTest" name="loginAndCheckOutUsingDirectBankTransfer">
    <skipped/>
  </testcase> <!-- loginAndCheckOutUsingDirectBankTransfer -->
  <system-out/>
  <testcase classname="org.selenium.CheckOutTest" name="GuestCheckoutUsingDirectBankTransfer">
    <skipped/>
  </testcase> <!-- GuestCheckoutUsingDirectBankTransfer -->
  <system-out/>
</testsuite> <!-- org.selenium.CheckOutTest -->
