<?xml version="1.0" encoding="UTF-8"?>
<!-- Generated by org.testng.reporters.JUnitReportReporter -->
<testsuite hostname="DESKTOP-VEMCPH6" failures="0" tests="1" name="org.selenium.SearchTest" time="5.345" errors="0" timestamp="2024-08-20T12:35:36 IST" skipped="0">
  <testcase classname="org.selenium.SearchTest" name="SearchTestwithPartialMatch" time="5.345"/>
  <system-out/>
</testsuite> <!-- org.selenium.SearchTest -->
