<?xml version="1.0" encoding="UTF-8"?>
<!-- Generated by org.testng.reporters.JUnitReportReporter -->
<testsuite hostname="DESKTOP-VEMCPH6" failures="0" tests="1" name="org.selenium.NavigationTest" time="22.245" errors="0" timestamp="2024-08-14T00:55:36 IST" skipped="0">
  <testcase classname="org.selenium.NavigationTest" name="NavigateFromHomeToStoreMenu" time="22.245"/>
  <system-out/>
</testsuite> <!-- org.selenium.NavigationTest -->
