<?xml version="1.0" encoding="UTF-8"?>
<!-- Generated by org.testng.reporters.JUnitReportReporter -->
<testsuite hostname="DESKTOP-VEMCPH6" failures="0" tests="1" name="org.selenium.LoginTest" time="46.885" errors="0" timestamp="2024-08-14T00:55:36 IST" skipped="0">
  <testcase classname="org.selenium.LoginTest" name="loginDuringCheckOut" time="46.885"/>
  <system-out/>
</testsuite> <!-- org.selenium.LoginTest -->
